<?xml version="1.0" encoding="UTF-8"?>
<testsuite name="CpuAccumulator Tests" tests="5" skipped="0" failures="0" errors="0" timestamp="2025-08-24T22:00:06" hostname="msmagiel" time="0.01">
  <properties/>
  <testcase name="Should add multiple values" classname="com.controlup.processor.function.CpuUsageAggregatorTest$CpuAccumulatorTest" time="0.001"/>
  <testcase name="Should create accumulator with device ID" classname="com.controlup.processor.function.CpuUsageAggregatorTest$CpuAccumulatorTest" time="0.001"/>
  <testcase name="Should create empty accumulator" classname="com.controlup.processor.function.CpuUsageAggregatorTest$CpuAccumulatorTest" time="0.001"/>
  <testcase name="Should resize array when capacity exceeded" classname="com.controlup.processor.function.CpuUsageAggregatorTest$CpuAccumulatorTest" time="0.001"/>
  <testcase name="Should add single value" classname="com.controlup.processor.function.CpuUsageAggregatorTest$CpuAccumulatorTest" time="0.001"/>
  <system-out><![CDATA[]]></system-out>
  <system-err><![CDATA[]]></system-err>
</testsuite>
