<?xml version="1.0" encoding="UTF-8"?>
<testsuite name="Service Layer Integration and Error Handling" tests="4" skipped="0" failures="0" errors="0" timestamp="2025-08-25T13:34:09" hostname="msmagiel" time="0.052">
  <properties/>
  <testcase name="Should handle service-specific edge cases" classname="com.controlup.api.service.MetricsServiceIntegrationTest$ServiceLayerIntegrationTests" time="0.011"/>
  <testcase name="Should provide consistent results across multiple calls" classname="com.controlup.api.service.MetricsServiceIntegrationTest$ServiceLayerIntegrationTests" time="0.027"/>
  <testcase name="Should handle service layer logging and monitoring requirements" classname="com.controlup.api.service.MetricsServiceIntegrationTest$ServiceLayerIntegrationTests" time="0.005"/>
  <testcase name="Should maintain transactional integrity" classname="com.controlup.api.service.MetricsServiceIntegrationTest$ServiceLayerIntegrationTests" time="0.004"/>
  <system-out><![CDATA[15:34:09.726 [Test worker] INFO com.controlup.api.service.MetricsService -- Retrieving latest metric for device: device-zero
15:34:09.728 [Test worker] INFO com.controlup.api.service.MetricsService -- Retrieving latest metric for device: device-max
15:34:09.729 [Test worker] INFO com.controlup.api.service.MetricsService -- Retrieving top 10 devices by percentile
15:34:09.730 [Test worker] INFO com.controlup.api.service.MetricsService -- Retrieved 9 top devices by percentile
15:34:09.740 [Test worker] INFO com.controlup.api.service.MetricsService -- Retrieving latest metric for device: stable-device
15:34:09.741 [Test worker] INFO com.controlup.api.service.MetricsService -- Retrieving latest metric for device: stable-device
15:34:09.741 [Test worker] INFO com.controlup.api.service.MetricsService -- Retrieving latest metric for device: stable-device
15:34:09.741 [Test worker] INFO com.controlup.api.service.MetricsService -- Retrieving top 3 devices by percentile
15:34:09.742 [Test worker] INFO com.controlup.api.service.MetricsService -- Retrieved 3 top devices by percentile
15:34:09.742 [Test worker] INFO com.controlup.api.service.MetricsService -- Retrieving top 3 devices by percentile
15:34:09.742 [Test worker] INFO com.controlup.api.service.MetricsService -- Retrieved 3 top devices by percentile
15:34:09.767 [Test worker] INFO com.controlup.api.service.MetricsService -- Retrieving latest metric for device: server-high-000
15:34:09.767 [Test worker] INFO com.controlup.api.service.MetricsService -- Retrieving top 2 devices by percentile
15:34:09.767 [Test worker] INFO com.controlup.api.service.MetricsService -- Retrieved 2 top devices by percentile
15:34:09.767 [Test worker] INFO com.controlup.api.service.MetricsService -- Retrieving latest metric for device: non-existent
15:34:09.768 [Test worker] WARN com.controlup.api.service.MetricsService -- No metrics found for device: non-existent
15:34:09.773 [Test worker] INFO com.controlup.api.service.MetricsService -- Retrieving latest metric for device: workstation-staging-0001
15:34:09.773 [Test worker] INFO com.controlup.api.service.MetricsService -- Retrieving top 10 devices by percentile
15:34:09.773 [Test worker] INFO com.controlup.api.service.MetricsService -- Retrieved 10 top devices by percentile
15:34:09.773 [Test worker] INFO com.controlup.api.service.MetricsService -- Retrieving latest metric for device: server-staging-0050
]]></system-out>
  <system-err><![CDATA[]]></system-err>
</testsuite>
